Linked: (/home/videh/Documents/Edubot/Edubot/devel/.private/differential_drive/share/gennodejs/ros/differential_drive/_index.js, /home/videh/Documents/Edubot/Edubot/devel/share/gennodejs/ros/differential_drive/_index.js)
Linked: (/home/videh/Documents/Edubot/Edubot/devel/.private/differential_drive/share/gennodejs/ros/differential_drive/srv/_index.js, /home/videh/Documents/Edubot/Edubot/devel/share/gennodejs/ros/differential_drive/srv/_index.js)
Linked: (/home/videh/Documents/Edubot/Edubot/devel/.private/differential_drive/share/gennodejs/ros/differential_drive/srv/SetFloatParam.js, /home/videh/Documents/Edubot/Edubot/devel/share/gennodejs/ros/differential_drive/srv/SetFloatParam.js)
Linked: (/home/videh/Documents/Edubot/Edubot/devel/.private/differential_drive/share/gennodejs/ros/differential_drive/msg/WheelAngularVelocityPair.js, /home/videh/Documents/Edubot/Edubot/devel/share/gennodejs/ros/differential_drive/msg/WheelAngularVelocityPair.js)
Linked: (/home/videh/Documents/Edubot/Edubot/devel/.private/differential_drive/share/gennodejs/ros/differential_drive/msg/_index.js, /home/videh/Documents/Edubot/Edubot/devel/share/gennodejs/ros/differential_drive/msg/_index.js)
Linked: (/home/videh/Documents/Edubot/Edubot/devel/.private/differential_drive/share/roseus/ros/differential_drive/manifest.l, /home/videh/Documents/Edubot/Edubot/devel/share/roseus/ros/differential_drive/manifest.l)
Linked: (/home/videh/Documents/Edubot/Edubot/devel/.private/differential_drive/share/roseus/ros/differential_drive/srv/SetFloatParam.l, /home/videh/Documents/Edubot/Edubot/devel/share/roseus/ros/differential_drive/srv/SetFloatParam.l)
Linked: (/home/videh/Documents/Edubot/Edubot/devel/.private/differential_drive/share/roseus/ros/differential_drive/msg/WheelAngularVelocityPair.l, /home/videh/Documents/Edubot/Edubot/devel/share/roseus/ros/differential_drive/msg/WheelAngularVelocityPair.l)
Linked: (/home/videh/Documents/Edubot/Edubot/devel/.private/differential_drive/share/common-lisp/ros/differential_drive/srv/differential_drive-srv.asd, /home/videh/Documents/Edubot/Edubot/devel/share/common-lisp/ros/differential_drive/srv/differential_drive-srv.asd)
Linked: (/home/videh/Documents/Edubot/Edubot/devel/.private/differential_drive/share/common-lisp/ros/differential_drive/srv/_package.lisp, /home/videh/Documents/Edubot/Edubot/devel/share/common-lisp/ros/differential_drive/srv/_package.lisp)
Linked: (/home/videh/Documents/Edubot/Edubot/devel/.private/differential_drive/share/common-lisp/ros/differential_drive/srv/_package_SetFloatParam.lisp, /home/videh/Documents/Edubot/Edubot/devel/share/common-lisp/ros/differential_drive/srv/_package_SetFloatParam.lisp)
Linked: (/home/videh/Documents/Edubot/Edubot/devel/.private/differential_drive/share/common-lisp/ros/differential_drive/srv/SetFloatParam.lisp, /home/videh/Documents/Edubot/Edubot/devel/share/common-lisp/ros/differential_drive/srv/SetFloatParam.lisp)
Linked: (/home/videh/Documents/Edubot/Edubot/devel/.private/differential_drive/share/common-lisp/ros/differential_drive/msg/_package_WheelAngularVelocityPair.lisp, /home/videh/Documents/Edubot/Edubot/devel/share/common-lisp/ros/differential_drive/msg/_package_WheelAngularVelocityPair.lisp)
Linked: (/home/videh/Documents/Edubot/Edubot/devel/.private/differential_drive/share/common-lisp/ros/differential_drive/msg/WheelAngularVelocityPair.lisp, /home/videh/Documents/Edubot/Edubot/devel/share/common-lisp/ros/differential_drive/msg/WheelAngularVelocityPair.lisp)
Linked: (/home/videh/Documents/Edubot/Edubot/devel/.private/differential_drive/share/common-lisp/ros/differential_drive/msg/differential_drive-msg.asd, /home/videh/Documents/Edubot/Edubot/devel/share/common-lisp/ros/differential_drive/msg/differential_drive-msg.asd)
Linked: (/home/videh/Documents/Edubot/Edubot/devel/.private/differential_drive/share/common-lisp/ros/differential_drive/msg/_package.lisp, /home/videh/Documents/Edubot/Edubot/devel/share/common-lisp/ros/differential_drive/msg/_package.lisp)
Linked: (/home/videh/Documents/Edubot/Edubot/devel/.private/differential_drive/share/differential_drive/cmake/differential_drive-msg-paths.cmake, /home/videh/Documents/Edubot/Edubot/devel/share/differential_drive/cmake/differential_drive-msg-paths.cmake)
Linked: (/home/videh/Documents/Edubot/Edubot/devel/.private/differential_drive/share/differential_drive/cmake/differential_driveConfig.cmake, /home/videh/Documents/Edubot/Edubot/devel/share/differential_drive/cmake/differential_driveConfig.cmake)
Linked: (/home/videh/Documents/Edubot/Edubot/devel/.private/differential_drive/share/differential_drive/cmake/differential_driveConfig-version.cmake, /home/videh/Documents/Edubot/Edubot/devel/share/differential_drive/cmake/differential_driveConfig-version.cmake)
Linked: (/home/videh/Documents/Edubot/Edubot/devel/.private/differential_drive/share/differential_drive/cmake/differential_drive-msg-extras.cmake, /home/videh/Documents/Edubot/Edubot/devel/share/differential_drive/cmake/differential_drive-msg-extras.cmake)
Linked: (/home/videh/Documents/Edubot/Edubot/devel/.private/differential_drive/lib/libdifferential_drive.so, /home/videh/Documents/Edubot/Edubot/devel/lib/libdifferential_drive.so)
Linked: (/home/videh/Documents/Edubot/Edubot/devel/.private/differential_drive/lib/libROS_differential_drive.so, /home/videh/Documents/Edubot/Edubot/devel/lib/libROS_differential_drive.so)
Linked: (/home/videh/Documents/Edubot/Edubot/devel/.private/differential_drive/lib/python3/dist-packages/differential_drive/__init__.py, /home/videh/Documents/Edubot/Edubot/devel/lib/python3/dist-packages/differential_drive/__init__.py)
Linked: (/home/videh/Documents/Edubot/Edubot/devel/.private/differential_drive/lib/python3/dist-packages/differential_drive/srv/__init__.py, /home/videh/Documents/Edubot/Edubot/devel/lib/python3/dist-packages/differential_drive/srv/__init__.py)
Linked: (/home/videh/Documents/Edubot/Edubot/devel/.private/differential_drive/lib/python3/dist-packages/differential_drive/srv/_SetFloatParam.py, /home/videh/Documents/Edubot/Edubot/devel/lib/python3/dist-packages/differential_drive/srv/_SetFloatParam.py)
Linked: (/home/videh/Documents/Edubot/Edubot/devel/.private/differential_drive/lib/python3/dist-packages/differential_drive/msg/__init__.py, /home/videh/Documents/Edubot/Edubot/devel/lib/python3/dist-packages/differential_drive/msg/__init__.py)
Linked: (/home/videh/Documents/Edubot/Edubot/devel/.private/differential_drive/lib/python3/dist-packages/differential_drive/msg/_WheelAngularVelocityPair.py, /home/videh/Documents/Edubot/Edubot/devel/lib/python3/dist-packages/differential_drive/msg/_WheelAngularVelocityPair.py)
Linked: (/home/videh/Documents/Edubot/Edubot/devel/.private/differential_drive/lib/pkgconfig/differential_drive.pc, /home/videh/Documents/Edubot/Edubot/devel/lib/pkgconfig/differential_drive.pc)
Linked: (/home/videh/Documents/Edubot/Edubot/devel/.private/differential_drive/lib/differential_drive/cmake.lock, /home/videh/Documents/Edubot/Edubot/devel/lib/differential_drive/cmake.lock)
Linked: (/home/videh/Documents/Edubot/Edubot/devel/.private/differential_drive/lib/differential_drive/keyboard_controller.py, /home/videh/Documents/Edubot/Edubot/devel/lib/differential_drive/keyboard_controller.py)
Linked: (/home/videh/Documents/Edubot/Edubot/devel/.private/differential_drive/lib/differential_drive/diff_drive_node, /home/videh/Documents/Edubot/Edubot/devel/lib/differential_drive/diff_drive_node)
Linked: (/home/videh/Documents/Edubot/Edubot/devel/.private/differential_drive/include/differential_drive/SetFloatParamRequest.h, /home/videh/Documents/Edubot/Edubot/devel/include/differential_drive/SetFloatParamRequest.h)
Linked: (/home/videh/Documents/Edubot/Edubot/devel/.private/differential_drive/include/differential_drive/WheelAngularVelocityPair.h, /home/videh/Documents/Edubot/Edubot/devel/include/differential_drive/WheelAngularVelocityPair.h)
Linked: (/home/videh/Documents/Edubot/Edubot/devel/.private/differential_drive/include/differential_drive/SetFloatParamResponse.h, /home/videh/Documents/Edubot/Edubot/devel/include/differential_drive/SetFloatParamResponse.h)
Linked: (/home/videh/Documents/Edubot/Edubot/devel/.private/differential_drive/include/differential_drive/SetFloatParam.h, /home/videh/Documents/Edubot/Edubot/devel/include/differential_drive/SetFloatParam.h)
