Symlinking /home/videh/Documents/Edubot/Edubot/devel/share/gennodejs/ros/differential_drive/_index.js
Symlinking /home/videh/Documents/Edubot/Edubot/devel/share/gennodejs/ros/differential_drive/srv/_index.js
Symlinking /home/videh/Documents/Edubot/Edubot/devel/share/gennodejs/ros/differential_drive/srv/SetFloatParam.js
Symlinking /home/videh/Documents/Edubot/Edubot/devel/share/gennodejs/ros/differential_drive/msg/WheelAngularVelocityPair.js
Symlinking /home/videh/Documents/Edubot/Edubot/devel/share/gennodejs/ros/differential_drive/msg/_index.js
Symlinking /home/videh/Documents/Edubot/Edubot/devel/share/roseus/ros/differential_drive/manifest.l
Symlinking /home/videh/Documents/Edubot/Edubot/devel/share/roseus/ros/differential_drive/srv/SetFloatParam.l
Symlinking /home/videh/Documents/Edubot/Edubot/devel/share/roseus/ros/differential_drive/msg/WheelAngularVelocityPair.l
Symlinking /home/videh/Documents/Edubot/Edubot/devel/share/common-lisp/ros/differential_drive/srv/differential_drive-srv.asd
Symlinking /home/videh/Documents/Edubot/Edubot/devel/share/common-lisp/ros/differential_drive/srv/_package.lisp
Symlinking /home/videh/Documents/Edubot/Edubot/devel/share/common-lisp/ros/differential_drive/srv/_package_SetFloatParam.lisp
Symlinking /home/videh/Documents/Edubot/Edubot/devel/share/common-lisp/ros/differential_drive/srv/SetFloatParam.lisp
Symlinking /home/videh/Documents/Edubot/Edubot/devel/share/common-lisp/ros/differential_drive/msg/_package_WheelAngularVelocityPair.lisp
Symlinking /home/videh/Documents/Edubot/Edubot/devel/share/common-lisp/ros/differential_drive/msg/WheelAngularVelocityPair.lisp
Symlinking /home/videh/Documents/Edubot/Edubot/devel/share/common-lisp/ros/differential_drive/msg/differential_drive-msg.asd
Symlinking /home/videh/Documents/Edubot/Edubot/devel/share/common-lisp/ros/differential_drive/msg/_package.lisp
Symlinking /home/videh/Documents/Edubot/Edubot/devel/share/differential_drive/cmake/differential_drive-msg-paths.cmake
Symlinking /home/videh/Documents/Edubot/Edubot/devel/share/differential_drive/cmake/differential_driveConfig.cmake
Symlinking /home/videh/Documents/Edubot/Edubot/devel/share/differential_drive/cmake/differential_driveConfig-version.cmake
Symlinking /home/videh/Documents/Edubot/Edubot/devel/share/differential_drive/cmake/differential_drive-msg-extras.cmake
Symlinking /home/videh/Documents/Edubot/Edubot/devel/lib/libdifferential_drive.so
Symlinking /home/videh/Documents/Edubot/Edubot/devel/lib/libROS_differential_drive.so
Symlinking /home/videh/Documents/Edubot/Edubot/devel/lib/python3/dist-packages/differential_drive/__init__.py
Symlinking /home/videh/Documents/Edubot/Edubot/devel/lib/python3/dist-packages/differential_drive/srv/__init__.py
Symlinking /home/videh/Documents/Edubot/Edubot/devel/lib/python3/dist-packages/differential_drive/srv/_SetFloatParam.py
Symlinking /home/videh/Documents/Edubot/Edubot/devel/lib/python3/dist-packages/differential_drive/msg/__init__.py
Symlinking /home/videh/Documents/Edubot/Edubot/devel/lib/python3/dist-packages/differential_drive/msg/_WheelAngularVelocityPair.py
Symlinking /home/videh/Documents/Edubot/Edubot/devel/lib/pkgconfig/differential_drive.pc
Symlinking /home/videh/Documents/Edubot/Edubot/devel/lib/differential_drive/cmake.lock
Symlinking /home/videh/Documents/Edubot/Edubot/devel/lib/differential_drive/keyboard_controller.py
Symlinking /home/videh/Documents/Edubot/Edubot/devel/lib/differential_drive/diff_drive_node
Symlinking /home/videh/Documents/Edubot/Edubot/devel/include/differential_drive/SetFloatParamRequest.h
Symlinking /home/videh/Documents/Edubot/Edubot/devel/include/differential_drive/WheelAngularVelocityPair.h
Symlinking /home/videh/Documents/Edubot/Edubot/devel/include/differential_drive/SetFloatParamResponse.h
Symlinking /home/videh/Documents/Edubot/Edubot/devel/include/differential_drive/SetFloatParam.h
