[35m[1mScanning dependencies of target std_msgs_generate_messages_lisp[0m
[35m[1mScanning dependencies of target _differential_drive_generate_messages_check_deps_SetFloatParam[0m
[  0%] Built target std_msgs_generate_messages_lisp
[35m[1mScanning dependencies of target _differential_drive_generate_messages_check_deps_WheelAngularVelocityPair[0m
[35m[1mScanning dependencies of target std_msgs_generate_messages_eus[0m
[  0%] Built target std_msgs_generate_messages_eus
[  0%] Built target _differential_drive_generate_messages_check_deps_SetFloatParam
[35m[1mScanning dependencies of target geometry_msgs_generate_messages_lisp[0m
[35m[1mScanning dependencies of target roscpp_generate_messages_nodejs[0m
[  0%] Built target _differential_drive_generate_messages_check_deps_WheelAngularVelocityPair
[  0%] Built target geometry_msgs_generate_messages_lisp
[  0%] Built target roscpp_generate_messages_nodejs
[35m[1mScanning dependencies of target rosgraph_msgs_generate_messages_cpp[0m
[35m[1mScanning dependencies of target std_msgs_generate_messages_cpp[0m
[35m[1mScanning dependencies of target geometry_msgs_generate_messages_nodejs[0m
[  0%] Built target rosgraph_msgs_generate_messages_cpp
[  0%] Built target std_msgs_generate_messages_cpp
[35m[1mScanning dependencies of target geometry_msgs_generate_messages_cpp[0m
[  0%] Built target geometry_msgs_generate_messages_nodejs
[35m[1mScanning dependencies of target rosgraph_msgs_generate_messages_py[0m
[  0%] Built target geometry_msgs_generate_messages_cpp
[35m[1mScanning dependencies of target roscpp_generate_messages_lisp[0m
[  0%] Built target rosgraph_msgs_generate_messages_py
[  0%] Built target roscpp_generate_messages_lisp
[35m[1mScanning dependencies of target geometry_msgs_generate_messages_py[0m
[35m[1mScanning dependencies of target roscpp_generate_messages_cpp[0m
[  0%] Built target geometry_msgs_generate_messages_py
[35m[1mScanning dependencies of target geometry_msgs_generate_messages_eus[0m
[35m[1mScanning dependencies of target std_msgs_generate_messages_nodejs[0m
[  0%] Built target roscpp_generate_messages_cpp
[  0%] Built target geometry_msgs_generate_messages_eus
[  0%] Built target std_msgs_generate_messages_nodejs
[35m[1mScanning dependencies of target std_msgs_generate_messages_py[0m
[35m[1mScanning dependencies of target roscpp_generate_messages_eus[0m
[35m[1mScanning dependencies of target roscpp_generate_messages_py[0m
[  0%] Built target std_msgs_generate_messages_py
[  0%] Built target roscpp_generate_messages_eus
[  0%] Built target roscpp_generate_messages_py
[35m[1mScanning dependencies of target differential_drive_generate_messages_lisp[0m
[35m[1mScanning dependencies of target rosgraph_msgs_generate_messages_eus[0m
[35m[1mScanning dependencies of target rosgraph_msgs_generate_messages_lisp[0m
[  5%] [34m[1mGenerating Lisp code from differential_drive/WheelAngularVelocityPair.msg[0m
[  5%] Built target rosgraph_msgs_generate_messages_eus
[  5%] Built target rosgraph_msgs_generate_messages_lisp
[35m[1mScanning dependencies of target rosgraph_msgs_generate_messages_nodejs[0m
[35m[1mScanning dependencies of target differential_drive[0m
[  5%] Built target rosgraph_msgs_generate_messages_nodejs
[ 10%] [32mBuilding CXX object CMakeFiles/differential_drive.dir/src/differential_drive/DifferentialDrive.cpp.o[0m
[ 15%] [34m[1mGenerating Lisp code from differential_drive/SetFloatParam.srv[0m
[35m[1mScanning dependencies of target differential_drive_generate_messages_cpp[0m
[ 21%] [34m[1mGenerating C++ code from differential_drive/WheelAngularVelocityPair.msg[0m
[ 21%] Built target differential_drive_generate_messages_lisp
[35m[1mScanning dependencies of target differential_drive_generate_messages_py[0m
[ 26%] [34m[1mGenerating Python from MSG differential_drive/WheelAngularVelocityPair[0m
[ 31%] [32m[1mLinking CXX shared library /home/videh/Documents/Edubot/Edubot/devel/.private/differential_drive/lib/libdifferential_drive.so[0m
[ 36%] [34m[1mGenerating C++ code from differential_drive/SetFloatParam.srv[0m
[ 36%] Built target differential_drive
[ 42%] [34m[1mGenerating Python code from SRV differential_drive/SetFloatParam[0m
[35m[1mScanning dependencies of target differential_drive_generate_messages_nodejs[0m
[ 47%] [34m[1mGenerating Javascript code from differential_drive/WheelAngularVelocityPair.msg[0m
[ 52%] [34m[1mGenerating Javascript code from differential_drive/SetFloatParam.srv[0m
[ 52%] Built target differential_drive_generate_messages_nodejs
[ 57%] [34m[1mGenerating Python msg __init__.py for differential_drive[0m
[35m[1mScanning dependencies of target differential_drive_generate_messages_eus[0m
[ 57%] Built target differential_drive_generate_messages_cpp
[ 63%] [34m[1mGenerating EusLisp code from differential_drive/WheelAngularVelocityPair.msg[0m
[ 68%] [34m[1mGenerating EusLisp code from differential_drive/SetFloatParam.srv[0m
[ 73%] [34m[1mGenerating EusLisp manifest code for differential_drive[0m
[ 78%] [34m[1mGenerating Python srv __init__.py for differential_drive[0m
[ 78%] Built target differential_drive_generate_messages_py
[ 78%] Built target differential_drive_generate_messages_eus
[35m[1mScanning dependencies of target differential_drive_generate_messages[0m
[35m[1mScanning dependencies of target ROS_differential_drive[0m
[ 78%] Built target differential_drive_generate_messages
[ 84%] [32mBuilding CXX object CMakeFiles/ROS_differential_drive.dir/src/differential_drive/ROSDifferentialDrive.cpp.o[0m
[ 89%] [32m[1mLinking CXX shared library /home/videh/Documents/Edubot/Edubot/devel/.private/differential_drive/lib/libROS_differential_drive.so[0m
[ 89%] Built target ROS_differential_drive
[35m[1mScanning dependencies of target differential_drive_node[0m
[ 94%] [32mBuilding CXX object CMakeFiles/differential_drive_node.dir/src/DifferentialDriveNode.cpp.o[0m
[100%] [32m[1mLinking CXX executable /home/videh/Documents/Edubot/Edubot/devel/.private/differential_drive/lib/differential_drive/diff_drive_node[0m
[100%] Built target differential_drive_node
