[35m[1mScanning dependencies of target _dead_reckoning_generate_messages_check_deps_SetStampedPoseParam[0m
[  0%] Built target _dead_reckoning_generate_messages_check_deps_SetStampedPoseParam
[35m[1mScanning dependencies of target nav_msgs_generate_messages_lisp[0m
[  0%] Built target nav_msgs_generate_messages_lisp
[35m[1mScanning dependencies of target roscpp_generate_messages_eus[0m
[  0%] Built target roscpp_generate_messages_eus
[35m[1mScanning dependencies of target actionlib_msgs_generate_messages_py[0m
[  0%] Built target actionlib_msgs_generate_messages_py
[35m[1mScanning dependencies of target rosgraph_msgs_generate_messages_nodejs[0m
[  0%] Built target rosgraph_msgs_generate_messages_nodejs
[35m[1mScanning dependencies of target actionlib_generate_messages_cpp[0m
[  0%] Built target actionlib_generate_messages_cpp
[35m[1mScanning dependencies of target actionlib_generate_messages_py[0m
[  0%] Built target actionlib_generate_messages_py
[35m[1mScanning dependencies of target nav_msgs_generate_messages_eus[0m
[  0%] Built target nav_msgs_generate_messages_eus
[35m[1mScanning dependencies of target std_msgs_generate_messages_py[0m
[  0%] Built target std_msgs_generate_messages_py
[35m[1mScanning dependencies of target nav_msgs_generate_messages_nodejs[0m
[  0%] Built target nav_msgs_generate_messages_nodejs
[35m[1mScanning dependencies of target std_msgs_generate_messages_nodejs[0m
[  0%] Built target std_msgs_generate_messages_nodejs
[35m[1mScanning dependencies of target geometry_msgs_generate_messages_eus[0m
[35m[1mScanning dependencies of target roscpp_generate_messages_cpp[0m
[  0%] Built target geometry_msgs_generate_messages_eus
[  0%] Built target roscpp_generate_messages_cpp
[35m[1mScanning dependencies of target rosgraph_msgs_generate_messages_lisp[0m
[  0%] Built target rosgraph_msgs_generate_messages_lisp
[35m[1mScanning dependencies of target rosgraph_msgs_generate_messages_eus[0m
[  0%] Built target rosgraph_msgs_generate_messages_eus
[35m[1mScanning dependencies of target tf2_msgs_generate_messages_eus[0m
[  0%] Built target tf2_msgs_generate_messages_eus
[35m[1mScanning dependencies of target dead_reckoning_generate_messages_eus[0m
[35m[1mScanning dependencies of target geometry_msgs_generate_messages_py[0m
[  7%] [34m[1mGenerating EusLisp code from dead_reckoning/SetStampedPoseParam.srv[0m
[  7%] Built target geometry_msgs_generate_messages_py
[35m[1mScanning dependencies of target nav_msgs_generate_messages_py[0m
[  7%] Built target nav_msgs_generate_messages_py
[35m[1mScanning dependencies of target roscpp_generate_messages_lisp[0m
[  7%] Built target roscpp_generate_messages_lisp
[35m[1mScanning dependencies of target actionlib_generate_messages_lisp[0m
[  7%] Built target actionlib_generate_messages_lisp
[ 15%] [34m[1mGenerating EusLisp manifest code for dead_reckoning[0m
[35m[1mScanning dependencies of target dead_reckoning[0m
[ 23%] [32mBuilding CXX object CMakeFiles/dead_reckoning.dir/src/dead_reckoning/DeadReckoning.cpp.o[0m
[35m[1mScanning dependencies of target tf2_msgs_generate_messages_py[0m
[ 23%] Built target tf2_msgs_generate_messages_py
[35m[1mScanning dependencies of target geometry_msgs_generate_messages_nodejs[0m
[ 23%] Built target geometry_msgs_generate_messages_nodejs
[35m[1mScanning dependencies of target std_msgs_generate_messages_cpp[0m
[ 23%] Built target std_msgs_generate_messages_cpp
[35m[1mScanning dependencies of target tf2_msgs_generate_messages_cpp[0m
[ 23%] Built target tf2_msgs_generate_messages_cpp
[35m[1mScanning dependencies of target roscpp_generate_messages_nodejs[0m
[ 23%] Built target roscpp_generate_messages_nodejs
[35m[1mScanning dependencies of target geometry_msgs_generate_messages_lisp[0m
[ 23%] Built target geometry_msgs_generate_messages_lisp
[35m[1mScanning dependencies of target actionlib_msgs_generate_messages_nodejs[0m
[ 23%] Built target actionlib_msgs_generate_messages_nodejs
[35m[1mScanning dependencies of target actionlib_msgs_generate_messages_lisp[0m
[ 23%] Built target dead_reckoning_generate_messages_eus
[35m[1mScanning dependencies of target std_msgs_generate_messages_eus[0m
[ 23%] Built target actionlib_msgs_generate_messages_lisp
[ 23%] Built target std_msgs_generate_messages_eus
[35m[1mScanning dependencies of target actionlib_msgs_generate_messages_cpp[0m
[35m[1mScanning dependencies of target std_msgs_generate_messages_lisp[0m
[ 23%] Built target actionlib_msgs_generate_messages_cpp
[ 23%] Built target std_msgs_generate_messages_lisp
[35m[1mScanning dependencies of target roscpp_generate_messages_py[0m
[35m[1mScanning dependencies of target actionlib_generate_messages_eus[0m
[ 23%] Built target roscpp_generate_messages_py
[ 23%] Built target actionlib_generate_messages_eus
[35m[1mScanning dependencies of target rosgraph_msgs_generate_messages_cpp[0m
[35m[1mScanning dependencies of target geometry_msgs_generate_messages_cpp[0m
[ 23%] Built target rosgraph_msgs_generate_messages_cpp
[ 23%] Built target geometry_msgs_generate_messages_cpp
[35m[1mScanning dependencies of target dead_reckoning_generate_messages_nodejs[0m
[35m[1mScanning dependencies of target tf2_msgs_generate_messages_lisp[0m
[ 30%] [34m[1mGenerating Javascript code from dead_reckoning/SetStampedPoseParam.srv[0m
[ 30%] Built target tf2_msgs_generate_messages_lisp
[35m[1mScanning dependencies of target tf2_msgs_generate_messages_nodejs[0m
[ 30%] Built target tf2_msgs_generate_messages_nodejs
[35m[1mScanning dependencies of target actionlib_generate_messages_nodejs[0m
[ 30%] Built target actionlib_generate_messages_nodejs
[ 30%] Built target dead_reckoning_generate_messages_nodejs
[35m[1mScanning dependencies of target nav_msgs_generate_messages_cpp[0m
[35m[1mScanning dependencies of target rosgraph_msgs_generate_messages_py[0m
[ 30%] Built target nav_msgs_generate_messages_cpp
[ 30%] Built target rosgraph_msgs_generate_messages_py
[35m[1mScanning dependencies of target dead_reckoning_generate_messages_py[0m
[ 38%] [34m[1mGenerating Python code from SRV dead_reckoning/SetStampedPoseParam[0m
[35m[1mScanning dependencies of target dead_reckoning_generate_messages_cpp[0m
[ 46%] [34m[1mGenerating C++ code from dead_reckoning/SetStampedPoseParam.srv[0m
[ 53%] [34m[1mGenerating Python srv __init__.py for dead_reckoning[0m
[ 53%] Built target dead_reckoning_generate_messages_cpp
[35m[1mScanning dependencies of target actionlib_msgs_generate_messages_eus[0m
[ 53%] Built target actionlib_msgs_generate_messages_eus
[35m[1mScanning dependencies of target dead_reckoning_generate_messages_lisp[0m
[ 61%] [34m[1mGenerating Lisp code from dead_reckoning/SetStampedPoseParam.srv[0m
[ 61%] Built target dead_reckoning_generate_messages_lisp
[ 61%] Built target dead_reckoning_generate_messages_py
[35m[1mScanning dependencies of target dead_reckoning_generate_messages[0m
[ 61%] Built target dead_reckoning_generate_messages
[ 69%] [32m[1mLinking CXX shared library /home/videh/Documents/Edubot/Edubot/devel/.private/dead_reckoning/lib/libdead_reckoning.so[0m
[ 69%] Built target dead_reckoning
[35m[1mScanning dependencies of target ROS_dead_reckoning[0m
[ 76%] [32mBuilding CXX object CMakeFiles/ROS_dead_reckoning.dir/src/dead_reckoning/ROSDeadReckoning.cpp.o[0m
[ 84%] [32m[1mLinking CXX shared library /home/videh/Documents/Edubot/Edubot/devel/.private/dead_reckoning/lib/libROS_dead_reckoning.so[0m
[ 84%] Built target ROS_dead_reckoning
[35m[1mScanning dependencies of target dead_reckoning_node[0m
[ 92%] [32mBuilding CXX object CMakeFiles/dead_reckoning_node.dir/src/DeadReckoningNode.cpp.o[0m
[100%] [32m[1mLinking CXX executable /home/videh/Documents/Edubot/Edubot/devel/.private/dead_reckoning/lib/dead_reckoning/dead_reckoning_node[0m
[100%] Built target dead_reckoning_node
