Symlinking /home/videh/Documents/Edubot/Edubot/devel/share/gennodejs/ros/dead_reckoning/_index.js
Symlinking /home/videh/Documents/Edubot/Edubot/devel/share/gennodejs/ros/dead_reckoning/srv/_index.js
Symlinking /home/videh/Documents/Edubot/Edubot/devel/share/gennodejs/ros/dead_reckoning/srv/SetStampedPoseParam.js
Symlinking /home/videh/Documents/Edubot/Edubot/devel/share/dead_reckoning/cmake/dead_reckoning-msg-paths.cmake
Symlinking /home/videh/Documents/Edubot/Edubot/devel/share/dead_reckoning/cmake/dead_reckoningConfig-version.cmake
Symlinking /home/videh/Documents/Edubot/Edubot/devel/share/dead_reckoning/cmake/dead_reckoning-msg-extras.cmake
Symlinking /home/videh/Documents/Edubot/Edubot/devel/share/dead_reckoning/cmake/dead_reckoningConfig.cmake
Symlinking /home/videh/Documents/Edubot/Edubot/devel/share/roseus/ros/dead_reckoning/manifest.l
Symlinking /home/videh/Documents/Edubot/Edubot/devel/share/roseus/ros/dead_reckoning/srv/SetStampedPoseParam.l
Symlinking /home/videh/Documents/Edubot/Edubot/devel/share/common-lisp/ros/dead_reckoning/srv/dead_reckoning-srv.asd
Symlinking /home/videh/Documents/Edubot/Edubot/devel/share/common-lisp/ros/dead_reckoning/srv/_package.lisp
Symlinking /home/videh/Documents/Edubot/Edubot/devel/share/common-lisp/ros/dead_reckoning/srv/_package_SetStampedPoseParam.lisp
Symlinking /home/videh/Documents/Edubot/Edubot/devel/share/common-lisp/ros/dead_reckoning/srv/SetStampedPoseParam.lisp
Symlinking /home/videh/Documents/Edubot/Edubot/devel/lib/libROS_dead_reckoning.so
Symlinking /home/videh/Documents/Edubot/Edubot/devel/lib/libdead_reckoning.so
Symlinking /home/videh/Documents/Edubot/Edubot/devel/lib/python3/dist-packages/dead_reckoning/__init__.py
Symlinking /home/videh/Documents/Edubot/Edubot/devel/lib/python3/dist-packages/dead_reckoning/srv/__init__.py
Symlinking /home/videh/Documents/Edubot/Edubot/devel/lib/python3/dist-packages/dead_reckoning/srv/_SetStampedPoseParam.py
Symlinking /home/videh/Documents/Edubot/Edubot/devel/lib/dead_reckoning/dead_reckoning_node
Symlinking /home/videh/Documents/Edubot/Edubot/devel/lib/pkgconfig/dead_reckoning.pc
Symlinking /home/videh/Documents/Edubot/Edubot/devel/include/dead_reckoning/SetStampedPoseParam.h
Symlinking /home/videh/Documents/Edubot/Edubot/devel/include/dead_reckoning/SetStampedPoseParamResponse.h
Symlinking /home/videh/Documents/Edubot/Edubot/devel/include/dead_reckoning/SetStampedPoseParamRequest.h
