[  0%] Built target nav_msgs_generate_messages_lisp
[  0%] Built target _dead_reckoning_generate_messages_check_deps_SetStampedPoseParam
[  0%] Built target roscpp_generate_messages_eus
[  0%] Built target actionlib_msgs_generate_messages_py
[  0%] Built target rosgraph_msgs_generate_messages_nodejs
[  0%] Built target actionlib_generate_messages_cpp
[  0%] Built target actionlib_generate_messages_py
[  0%] Built target nav_msgs_generate_messages_eus
[  0%] Built target std_msgs_generate_messages_py
[  0%] Built target nav_msgs_generate_messages_nodejs
[  0%] Built target geometry_msgs_generate_messages_eus
[  0%] Built target std_msgs_generate_messages_nodejs
[  0%] Built target roscpp_generate_messages_cpp
[  0%] Built target rosgraph_msgs_generate_messages_lisp
[  0%] Built target rosgraph_msgs_generate_messages_eus
[  0%] Built target tf2_msgs_generate_messages_eus
[ 15%] Built target dead_reckoning_generate_messages_eus
[ 15%] Built target geometry_msgs_generate_messages_py
[ 15%] Built target nav_msgs_generate_messages_py
[ 15%] Built target roscpp_generate_messages_lisp
[ 15%] Built target actionlib_generate_messages_lisp
[ 30%] Built target dead_reckoning
[ 30%] Built target geometry_msgs_generate_messages_nodejs
[ 30%] Built target tf2_msgs_generate_messages_py
[ 30%] Built target tf2_msgs_generate_messages_cpp
[ 30%] Built target std_msgs_generate_messages_cpp
[ 30%] Built target roscpp_generate_messages_nodejs
[ 30%] Built target geometry_msgs_generate_messages_lisp
[ 30%] Built target actionlib_msgs_generate_messages_nodejs
[ 30%] Built target actionlib_msgs_generate_messages_lisp
[ 30%] Built target std_msgs_generate_messages_eus
[ 30%] Built target actionlib_msgs_generate_messages_cpp
[ 30%] Built target std_msgs_generate_messages_lisp
[ 30%] Built target roscpp_generate_messages_py
[ 30%] Built target actionlib_generate_messages_eus
[ 30%] Built target rosgraph_msgs_generate_messages_cpp
[ 38%] Built target dead_reckoning_generate_messages_nodejs
[ 38%] Built target geometry_msgs_generate_messages_cpp
[ 38%] Built target tf2_msgs_generate_messages_lisp
[ 38%] Built target nav_msgs_generate_messages_cpp
[ 38%] Built target actionlib_generate_messages_nodejs
[ 38%] Built target tf2_msgs_generate_messages_nodejs
[ 38%] Built target rosgraph_msgs_generate_messages_py
[ 53%] Built target dead_reckoning_generate_messages_py
[ 61%] Built target dead_reckoning_generate_messages_cpp
[ 61%] Built target actionlib_msgs_generate_messages_eus
[ 69%] Built target dead_reckoning_generate_messages_lisp
[ 69%] Built target dead_reckoning_generate_messages
[ 84%] Built target ROS_dead_reckoning
[100%] Built target dead_reckoning_node
