Linked: (/home/videh/Documents/Edubot/Edubot/devel/.private/dead_reckoning/share/gennodejs/ros/dead_reckoning/_index.js, /home/videh/Documents/Edubot/Edubot/devel/share/gennodejs/ros/dead_reckoning/_index.js)
Linked: (/home/videh/Documents/Edubot/Edubot/devel/.private/dead_reckoning/share/gennodejs/ros/dead_reckoning/srv/_index.js, /home/videh/Documents/Edubot/Edubot/devel/share/gennodejs/ros/dead_reckoning/srv/_index.js)
Linked: (/home/videh/Documents/Edubot/Edubot/devel/.private/dead_reckoning/share/gennodejs/ros/dead_reckoning/srv/SetStampedPoseParam.js, /home/videh/Documents/Edubot/Edubot/devel/share/gennodejs/ros/dead_reckoning/srv/SetStampedPoseParam.js)
Linked: (/home/videh/Documents/Edubot/Edubot/devel/.private/dead_reckoning/share/dead_reckoning/cmake/dead_reckoning-msg-paths.cmake, /home/videh/Documents/Edubot/Edubot/devel/share/dead_reckoning/cmake/dead_reckoning-msg-paths.cmake)
Linked: (/home/videh/Documents/Edubot/Edubot/devel/.private/dead_reckoning/share/dead_reckoning/cmake/dead_reckoningConfig-version.cmake, /home/videh/Documents/Edubot/Edubot/devel/share/dead_reckoning/cmake/dead_reckoningConfig-version.cmake)
Linked: (/home/videh/Documents/Edubot/Edubot/devel/.private/dead_reckoning/share/dead_reckoning/cmake/dead_reckoning-msg-extras.cmake, /home/videh/Documents/Edubot/Edubot/devel/share/dead_reckoning/cmake/dead_reckoning-msg-extras.cmake)
Linked: (/home/videh/Documents/Edubot/Edubot/devel/.private/dead_reckoning/share/dead_reckoning/cmake/dead_reckoningConfig.cmake, /home/videh/Documents/Edubot/Edubot/devel/share/dead_reckoning/cmake/dead_reckoningConfig.cmake)
Linked: (/home/videh/Documents/Edubot/Edubot/devel/.private/dead_reckoning/share/roseus/ros/dead_reckoning/manifest.l, /home/videh/Documents/Edubot/Edubot/devel/share/roseus/ros/dead_reckoning/manifest.l)
Linked: (/home/videh/Documents/Edubot/Edubot/devel/.private/dead_reckoning/share/roseus/ros/dead_reckoning/srv/SetStampedPoseParam.l, /home/videh/Documents/Edubot/Edubot/devel/share/roseus/ros/dead_reckoning/srv/SetStampedPoseParam.l)
Linked: (/home/videh/Documents/Edubot/Edubot/devel/.private/dead_reckoning/share/common-lisp/ros/dead_reckoning/srv/dead_reckoning-srv.asd, /home/videh/Documents/Edubot/Edubot/devel/share/common-lisp/ros/dead_reckoning/srv/dead_reckoning-srv.asd)
Linked: (/home/videh/Documents/Edubot/Edubot/devel/.private/dead_reckoning/share/common-lisp/ros/dead_reckoning/srv/_package.lisp, /home/videh/Documents/Edubot/Edubot/devel/share/common-lisp/ros/dead_reckoning/srv/_package.lisp)
Linked: (/home/videh/Documents/Edubot/Edubot/devel/.private/dead_reckoning/share/common-lisp/ros/dead_reckoning/srv/_package_SetStampedPoseParam.lisp, /home/videh/Documents/Edubot/Edubot/devel/share/common-lisp/ros/dead_reckoning/srv/_package_SetStampedPoseParam.lisp)
Linked: (/home/videh/Documents/Edubot/Edubot/devel/.private/dead_reckoning/share/common-lisp/ros/dead_reckoning/srv/SetStampedPoseParam.lisp, /home/videh/Documents/Edubot/Edubot/devel/share/common-lisp/ros/dead_reckoning/srv/SetStampedPoseParam.lisp)
Linked: (/home/videh/Documents/Edubot/Edubot/devel/.private/dead_reckoning/lib/libROS_dead_reckoning.so, /home/videh/Documents/Edubot/Edubot/devel/lib/libROS_dead_reckoning.so)
Linked: (/home/videh/Documents/Edubot/Edubot/devel/.private/dead_reckoning/lib/libdead_reckoning.so, /home/videh/Documents/Edubot/Edubot/devel/lib/libdead_reckoning.so)
Linked: (/home/videh/Documents/Edubot/Edubot/devel/.private/dead_reckoning/lib/python3/dist-packages/dead_reckoning/__init__.py, /home/videh/Documents/Edubot/Edubot/devel/lib/python3/dist-packages/dead_reckoning/__init__.py)
Linked: (/home/videh/Documents/Edubot/Edubot/devel/.private/dead_reckoning/lib/python3/dist-packages/dead_reckoning/srv/__init__.py, /home/videh/Documents/Edubot/Edubot/devel/lib/python3/dist-packages/dead_reckoning/srv/__init__.py)
Linked: (/home/videh/Documents/Edubot/Edubot/devel/.private/dead_reckoning/lib/python3/dist-packages/dead_reckoning/srv/_SetStampedPoseParam.py, /home/videh/Documents/Edubot/Edubot/devel/lib/python3/dist-packages/dead_reckoning/srv/_SetStampedPoseParam.py)
Linked: (/home/videh/Documents/Edubot/Edubot/devel/.private/dead_reckoning/lib/dead_reckoning/dead_reckoning_node, /home/videh/Documents/Edubot/Edubot/devel/lib/dead_reckoning/dead_reckoning_node)
Linked: (/home/videh/Documents/Edubot/Edubot/devel/.private/dead_reckoning/lib/pkgconfig/dead_reckoning.pc, /home/videh/Documents/Edubot/Edubot/devel/lib/pkgconfig/dead_reckoning.pc)
Linked: (/home/videh/Documents/Edubot/Edubot/devel/.private/dead_reckoning/include/dead_reckoning/SetStampedPoseParam.h, /home/videh/Documents/Edubot/Edubot/devel/include/dead_reckoning/SetStampedPoseParam.h)
Linked: (/home/videh/Documents/Edubot/Edubot/devel/.private/dead_reckoning/include/dead_reckoning/SetStampedPoseParamResponse.h, /home/videh/Documents/Edubot/Edubot/devel/include/dead_reckoning/SetStampedPoseParamResponse.h)
Linked: (/home/videh/Documents/Edubot/Edubot/devel/.private/dead_reckoning/include/dead_reckoning/SetStampedPoseParamRequest.h, /home/videh/Documents/Edubot/Edubot/devel/include/dead_reckoning/SetStampedPoseParamRequest.h)
